<?xml version="1.0" encoding="UTF-8"?>
<!-- Generated by org.testng.reporters.JUnitXMLReporter -->
<testsuite hostname="RHJ-14F-D547" ignored="0" name="Test" tests="2" failures="1" timestamp="28 Feb 2020 06:01:56 GMT" time="162.346" errors="0">
  <testcase name="@AfterMethod ExtentReport" time="2.431" classname="com.scripts.netSuite.approvalWorkflow.TS_NS_6710_Approval_WorkFlow_Market_Over10K">
    <failure type="org.openqa.selenium.WebDriverException" message="chrome not reachable
  (Session info: chrome=80.0.3987.122)
  (Driver info: chromedriver=2.41.578737 (49da6702b16031c40d63e5618de03a32ff6c197e),platform=Windows NT 6.3.9600 x86_64) (WARNING: The server did not provide any stacktrace information)
Command duration or timeout: 0 milliseconds
Build info: version: &amp;apos;3.141.59&amp;apos;, revision: &amp;apos;e82be7d358&amp;apos;, time: &amp;apos;2018-11-14T08:17:03&amp;apos;
System info: host: &amp;apos;RHJ-14F-D547&amp;apos;, ip: &amp;apos;10.11.53.81&amp;apos;, os.name: &amp;apos;Windows 8.1&amp;apos;, os.arch: &amp;apos;amd64&amp;apos;, os.version: &amp;apos;6.3&amp;apos;, java.version: &amp;apos;1.8.0_131&amp;apos;
Driver info: org.openqa.selenium.chrome.ChromeDriver
Capabilities {acceptInsecureCerts: false, acceptSslCerts: false, applicationCacheEnabled: false, browserConnectionEnabled: false, browserName: chrome, chrome: {chromedriverVersion: 2.41.578737 (49da6702b16031..., userDataDir: C:\Users\sbaipineedi\AppDat...}, cssSelectorsEnabled: true, databaseEnabled: false, goog:chromeOptions: {debuggerAddress: localhost:63802}, handlesAlerts: true, hasTouchScreen: false, javascriptEnabled: true, locationContextEnabled: true, mobileEmulationEnabled: false, nativeEvents: true, networkConnectionEnabled: false, pageLoadStrategy: normal, platform: XP, platformName: XP, rotatable: false, setWindowRect: true, takesHeapSnapshot: true, takesScreenshot: true, unexpectedAlertBehaviour: accept, unhandledPromptBehavior: accept, version: 80.0.3987.122, webStorageEnabled: true}
Session ID: 9b1c31afd02bc394194355ba55c9d64d">
      <![CDATA[org.openqa.selenium.WebDriverException: chrome not reachable
  (Session info: chrome=80.0.3987.122)
  (Driver info: chromedriver=2.41.578737 (49da6702b16031c40d63e5618de03a32ff6c197e),platform=Windows NT 6.3.9600 x86_64) (WARNING: The server did not provide any stacktrace information)
Command duration or timeout: 0 milliseconds
Build info: version: '3.141.59', revision: 'e82be7d358', time: '2018-11-14T08:17:03'
System info: host: 'RHJ-14F-D547', ip: '10.11.53.81', os.name: 'Windows 8.1', os.arch: 'amd64', os.version: '6.3', java.version: '1.8.0_131'
Driver info: org.openqa.selenium.chrome.ChromeDriver
Capabilities {acceptInsecureCerts: false, acceptSslCerts: false, applicationCacheEnabled: false, browserConnectionEnabled: false, browserName: chrome, chrome: {chromedriverVersion: 2.41.578737 (49da6702b16031..., userDataDir: C:\Users\sbaipineedi\AppDat...}, cssSelectorsEnabled: true, databaseEnabled: false, goog:chromeOptions: {debuggerAddress: localhost:63802}, handlesAlerts: true, hasTouchScreen: false, javascriptEnabled: true, locationContextEnabled: true, mobileEmulationEnabled: false, nativeEvents: true, networkConnectionEnabled: false, pageLoadStrategy: normal, platform: XP, platformName: XP, rotatable: false, setWindowRect: true, takesHeapSnapshot: true, takesScreenshot: true, unexpectedAlertBehaviour: accept, unhandledPromptBehavior: accept, version: 80.0.3987.122, webStorageEnabled: true}
Session ID: 9b1c31afd02bc394194355ba55c9d64d
at org.openqa.selenium.remote.ErrorHandler.createThrowable(ErrorHandler.java:214)
at org.openqa.selenium.remote.ErrorHandler.throwIfResponseFailed(ErrorHandler.java:166)
at org.openqa.selenium.remote.http.JsonHttpResponseCodec.reconstructValue(JsonHttpResponseCodec.java:40)
at org.openqa.selenium.remote.http.AbstractHttpResponseCodec.decode(AbstractHttpResponseCodec.java:80)
at org.openqa.selenium.remote.http.AbstractHttpResponseCodec.decode(AbstractHttpResponseCodec.java:44)
at org.openqa.selenium.remote.HttpCommandExecutor.execute(HttpCommandExecutor.java:158)
at org.openqa.selenium.remote.service.DriverCommandExecutor.execute(DriverCommandExecutor.java:83)
at org.openqa.selenium.remote.RemoteWebDriver.execute(RemoteWebDriver.java:552)
at org.openqa.selenium.remote.RemoteWebDriver.execute(RemoteWebDriver.java:609)
at org.openqa.selenium.remote.RemoteWebDriver.close(RemoteWebDriver.java:442)
at com.scripts.netSuite.approvalWorkflow.TS_NS_6710_Approval_WorkFlow_Market_Over10K.ExtentReport(TS_NS_6710_Approval_WorkFlow_Market_Over10K.java:114)
... Removed 32 stack frames]]>
    </failure>
  </testcase> <!-- @AfterMethod ExtentReport -->
  <testcase name="@BeforeClass test" time="0.007" classname="com.scripts.netSuite.approvalWorkflow.TS_NS_6711_Approval_WorkFlow_Market_5Kto10K">
    <failure type="java.io.FileNotFoundException" message="D:\iHeart\Netsuite_Auto\Netsuite_Auto\Data\iHeart_NetSuiteTestData_RemoveAgencyCommission.xlsx (The system cannot find the file specified)">
      <![CDATA[java.io.FileNotFoundException: D:\iHeart\Netsuite_Auto\Netsuite_Auto\Data\iHeart_NetSuiteTestData_RemoveAgencyCommission.xlsx (The system cannot find the file specified)
at java.io.FileInputStream.open0(Native Method)
at java.io.FileInputStream.open(Unknown Source)
at java.io.FileInputStream.<init>(Unknown Source)
at java.io.FileInputStream.<init>(Unknown Source)
at com.framework.Excel_Reader.getRowColumnNumbers(Excel_Reader.java:234)
at com.framework.Excel_Reader.readExcel(Excel_Reader.java:167)
at com.scripts.netSuite.approvalWorkflow.TS_NS_6711_Approval_WorkFlow_Market_5Kto10K.test(TS_NS_6711_Approval_WorkFlow_Market_5Kto10K.java:58)
... Removed 26 stack frames]]>
    </failure>
  </testcase> <!-- @BeforeClass test -->
  <testcase name="TS_NS_6710_Approval_WorkFlow_Market_Over10K" time="158.532" classname="com.scripts.netSuite.approvalWorkflow.TS_NS_6710_Approval_WorkFlow_Market_Over10K">
    <failure type="junit.framework.AssertionFailedError" message="Adminstartor  is not found">
      <![CDATA[junit.framework.AssertionFailedError: Adminstartor  is not found
at junit.framework.Assert.fail(Assert.java:47)
at junit.framework.Assert.assertTrue(Assert.java:20)
at com.framework.Generic.Verify(Generic.java:295)
at com.framework.Generic.clickButton(Generic.java:333)
at com.netsuite.common.NS_Billing_AdjustmentAndSpecialBilling.SelectRoleFOrNetSuiteAsAdmin(NS_Billing_AdjustmentAndSpecialBilling.java:137)
at com.scripts.netSuite.approvalWorkflow.TS_NS_6710_Approval_WorkFlow_Market_Over10K.TS_NS_6710_Approval_WorkFlow_Market_Over10K(TS_NS_6710_Approval_WorkFlow_Market_Over10K.java:94)
... Removed 25 stack frames]]>
    </failure>
  </testcase> <!-- TS_NS_6710_Approval_WorkFlow_Market_Over10K -->
  <testcase name="TS_NS_6711_Approval_WorkFlow_Market_5Kto10K" time="0.0" classname="com.scripts.netSuite.approvalWorkflow.TS_NS_6711_Approval_WorkFlow_Market_5Kto10K">
    <skipped/>
  </testcase> <!-- TS_NS_6711_Approval_WorkFlow_Market_5Kto10K -->
</testsuite> <!-- Test -->
